[2022-01-14 03:07:42]  /
[2022-01-14 03:08:19]  /
[2022-01-14 03:08:20]  /
[2022-01-14 03:08:20]  /
[2022-01-14 03:09:40]  /
[2022-01-14 03:10:48]  /admin
[2022-01-14 03:16:47]  /admin
[2022-01-14 03:16:58]  /home
[2022-01-14 03:24:48]  /admin
[2022-01-14 03:24:59]  /admin?admin=1
[2022-01-14 03:28:23]  /admin?admin=1
[2022-01-14 03:28:23]  /login
[2022-01-14 03:28:41]  /admin?admin=1
[2022-01-14 03:28:41]  /login
[2022-01-14 03:28:58]  /admin?admin=1
[2022-01-14 03:28:58]  /login
[2022-01-14 03:29:42]  /admin
[2022-01-14 03:29:42]  /login
[2022-01-14 03:29:49]  /admin
[2022-01-14 03:29:49]  /login
[2022-01-14 03:29:55]  /admin?admin=1
[2022-01-14 03:30:45]  /admin?admin=1
[2022-01-14 03:30:52]  /admin
[2022-01-14 03:30:52]  /login
[2022-01-14 03:32:24]  /setting/admin=1
[2022-01-14 03:32:55]  /setting/admin=1
[2022-01-14 03:33:21]  /setting?/admin=1
[2022-01-14 03:33:21]  /login
[2022-01-14 03:33:35]  /setting?admin=1
[2022-01-14 03:38:15]  /setting?admin=1
[2022-01-14 03:38:20]  /setting
[2022-01-14 03:38:20]  /login
[2022-01-14 03:41:01]  /shuju?admin=1
[2022-01-14 03:41:04]  /shuju
[2022-01-14 03:41:04]  /login
